# JRE version: Java(TM) SE Runtime Environment 18.9 (11.0.15+8) (build 11.0.15+8-LTS-149)
# Java VM: Java HotSpot(TM) 64-Bit Server VM 18.9 (11.0.15+8-LTS-149, mixed mode, tiered, compressed oops, g1 gc, windows-amd64)
Heap:
 garbage-first heap   total 187392K, used 74031K [0x0000000083600000, 0x0000000100000000)
  region size 1024K, 44 young (45056K), 3 survivors (3072K)
 Metaspace       used 78155K, capacity 80212K, committed 80512K, reserved 1120256K
  class space    used 9433K, capacity 10256K, committed 10368K, reserved 1048576K
GC Heap History (10 events):
Event: 271.932 GC heap before
{Heap before GC invocations=23 (full 0):
 garbage-first heap   total 187392K, used 141647K [0x0000000083600000, 0x0000000100000000)
  region size 1024K, 109 young (111616K), 3 survivors (3072K)
 Metaspace       used 78105K, capacity 80083K, committed 80256K, reserved 1120256K
  class space    used 9429K, capacity 10256K, committed 10368K, reserved 1048576K
}
Event: 271.938 GC heap after
{Heap after GC invocations=24 (full 0):
 garbage-first heap   total 187392K, used 32966K [0x0000000083600000, 0x0000000100000000)
  region size 1024K, 3 young (3072K), 3 survivors (3072K)
 Metaspace       used 78105K, capacity 80083K, committed 80256K, reserved 1120256K
  class space    used 9429K, capacity 10256K, committed 10368K, reserved 1048576K
}
Event: 279.664 GC heap before
{Heap before GC invocations=24 (full 0):
 garbage-first heap   total 187392K, used 141510K [0x0000000083600000, 0x0000000100000000)
  region size 1024K, 109 young (111616K), 3 survivors (3072K)
 Metaspace       used 78109K, capacity 80083K, committed 80256K, reserved 1120256K
  class space    used 9429K, capacity 10256K, committed 10368K, reserved 1048576K
}
Event: 279.683 GC heap after
{Heap after GC invocations=25 (full 0):
 garbage-first heap   total 187392K, used 33113K [0x0000000083600000, 0x0000000100000000)
  region size 1024K, 3 young (3072K), 3 survivors (3072K)
 Metaspace       used 78109K, capacity 80083K, committed 80256K, reserved 1120256K
  class space    used 9429K, capacity 10256K, committed 10368K, reserved 1048576K
}
Event: 287.305 GC heap before
{Heap before GC invocations=25 (full 0):
 garbage-first heap   total 187392K, used 141657K [0x0000000083600000, 0x0000000100000000)
  region size 1024K, 109 young (111616K), 3 survivors (3072K)
 Metaspace       used 78118K, capacity 80083K, committed 80256K, reserved 1120256K
  class space    used 9429K, capacity 10256K, committed 10368K, reserved 1048576K
}
Event: 287.323 GC heap after
{Heap after GC invocations=26 (full 0):
 garbage-first heap   total 187392K, used 33089K [0x0000000083600000, 0x0000000100000000)
  region size 1024K, 3 young (3072K), 3 survivors (3072K)
 Metaspace       used 78118K, capacity 80083K, committed 80256K, reserved 1120256K
  class space    used 9429K, capacity 10256K, committed 10368K, reserved 1048576K
}
Event: 296.977 GC heap before
{Heap before GC invocations=26 (full 0):
 garbage-first heap   total 187392K, used 141633K [0x0000000083600000, 0x0000000100000000)
  region size 1024K, 109 young (111616K), 3 survivors (3072K)
 Metaspace       used 78138K, capacity 80084K, committed 80256K, reserved 1120256K
  class space    used 9432K, capacity 10256K, committed 10368K, reserved 1048576K
}
Event: 297.004 GC heap after
{Heap after GC invocations=27 (full 0):
 garbage-first heap   total 187392K, used 32943K [0x0000000083600000, 0x0000000100000000)
  region size 1024K, 3 young (3072K), 3 survivors (3072K)
 Metaspace       used 78138K, capacity 80084K, committed 80256K, reserved 1120256K
  class space    used 9432K, capacity 10256K, committed 10368K, reserved 1048576K
}
Event: 337.090 GC heap before
{Heap before GC invocations=27 (full 0):
 garbage-first heap   total 187392K, used 141487K [0x0000000083600000, 0x0000000100000000)
  region size 1024K, 109 young (111616K), 3 survivors (3072K)
 Metaspace       used 78153K, capacity 80212K, committed 80512K, reserved 1120256K
  class space    used 9432K, capacity 10256K, committed 10368K, reserved 1048576K
}
Event: 337.114 GC heap after
{Heap after GC invocations=28 (full 0):
 garbage-first heap   total 187392K, used 33091K [0x0000000083600000, 0x0000000100000000)
  region size 1024K, 3 young (3072K), 3 survivors (3072K)
 Metaspace       used 78153K, capacity 80212K, committed 80512K, reserved 1120256K
  class space    used 9432K, capacity 10256K, committed 10368K, reserved 1048576K
}

